2022-04-25 15:09:30.459  INFO 5800 --- [main] m.r.RabbitMqPriorityQueueApplication     : Starting RabbitMqPriorityQueueApplication using Java 16.0.2 on mao with PID 5800 (H:\程序\大三下期\rabbitMQ优先级队列\target\classes started by mao in H:\程序\大三下期\rabbitMQ优先级队列)
2022-04-25 15:09:30.462 DEBUG 5800 --- [main] m.r.RabbitMqPriorityQueueApplication     : Running with Spring Boot v2.6.7, Spring v5.3.19
2022-04-25 15:09:30.462  INFO 5800 --- [main] m.r.RabbitMqPriorityQueueApplication     : The following 1 profile is active: "dev"
2022-04-25 15:09:31.109  INFO 5800 --- [main] o.s.b.w.embedded.tomcat.TomcatWebServer  : Tomcat initialized with port(s): 8080 (http)
2022-04-25 15:09:31.116  INFO 5800 --- [main] o.apache.catalina.core.StandardService   : Starting service [Tomcat]
2022-04-25 15:09:31.117  INFO 5800 --- [main] org.apache.catalina.core.StandardEngine  : Starting Servlet engine: [Apache Tomcat/9.0.62]
2022-04-25 15:09:31.189  INFO 5800 --- [main] o.a.c.c.C.[Tomcat].[localhost].[/]       : Initializing Spring embedded WebApplicationContext
2022-04-25 15:09:31.189  INFO 5800 --- [main] w.s.c.ServletWebServerApplicationContext : Root WebApplicationContext: initialization completed in 689 ms
2022-04-25 15:09:31.667  INFO 5800 --- [main] o.s.b.w.embedded.tomcat.TomcatWebServer  : Tomcat started on port(s): 8080 (http) with context path ''
2022-04-25 15:09:31.669  INFO 5800 --- [main] o.s.a.r.c.CachingConnectionFactory       : Attempting to connect to: [127.0.0.1:5672]
2022-04-25 15:09:31.687  INFO 5800 --- [main] o.s.a.r.c.CachingConnectionFactory       : Created new connection: rabbitConnectionFactory#3e67f5f2:0/SimpleConnection@9b23822 [delegate=amqp://admin@127.0.0.1:5672/, localPort= 57650]
2022-04-25 15:09:31.690  INFO 5800 --- [main] o.s.amqp.rabbit.core.RabbitAdmin         : Auto-declaring a non-durable or auto-delete Exchange (priority_exchange) durable:false, auto-delete:false. It will be deleted by the broker if it shuts down, and can be redeclared by closing and reopening the connection.
2022-04-25 15:09:31.690  INFO 5800 --- [main] o.s.amqp.rabbit.core.RabbitAdmin         : Auto-declaring a non-durable, auto-delete, or exclusive Queue (priority_queue) durable:false, auto-delete:false, exclusive:false. It will be redeclared if the broker stops and is restarted while the connection factory is alive, but all messages will be lost.
2022-04-25 15:09:31.734  INFO 5800 --- [main] m.r.RabbitMqPriorityQueueApplication     : Started RabbitMqPriorityQueueApplication in 1.643 seconds (JVM running for 2.227)
2022-04-25 15:09:45.315  INFO 5800 --- [http-nio-8080-exec-1] o.a.c.c.C.[Tomcat].[localhost].[/]       : Initializing Spring DispatcherServlet 'dispatcherServlet'
2022-04-25 15:09:45.316  INFO 5800 --- [http-nio-8080-exec-1] o.s.web.servlet.DispatcherServlet        : Initializing Servlet 'dispatcherServlet'
2022-04-25 15:09:45.316  INFO 5800 --- [http-nio-8080-exec-1] o.s.web.servlet.DispatcherServlet        : Completed initialization in 0 ms
2022-04-25 15:10:02.628  INFO 5800 --- [http-nio-8080-exec-2] m.r.controller.MyController              : 开始发送消息：消息1，优先级：10
2022-04-25 15:10:02.633  INFO 5800 --- [http-nio-8080-exec-2] m.r.controller.MyController              : 开始发送消息：消息2，优先级：2
2022-04-25 15:10:02.633  INFO 5800 --- [http-nio-8080-exec-2] m.r.controller.MyController              : 开始发送消息：消息3，优先级：8
2022-04-25 15:10:02.633  INFO 5800 --- [http-nio-8080-exec-2] m.r.controller.MyController              : 开始发送消息：消息4，优先级：7
2022-04-25 15:10:02.634  INFO 5800 --- [http-nio-8080-exec-2] m.r.controller.MyController              : 开始发送消息：消息5，优先级：5
2022-04-25 15:10:02.634  INFO 5800 --- [http-nio-8080-exec-2] m.r.controller.MyController              : 开始发送消息：消息6，优先级：0
2022-04-25 15:10:02.634  INFO 5800 --- [http-nio-8080-exec-2] m.r.controller.MyController              : 开始发送消息：消息7，优先级：9
2022-04-25 15:10:02.634  INFO 5800 --- [http-nio-8080-exec-2] m.r.controller.MyController              : 开始发送消息：消息8，优先级：9
2022-04-25 15:10:02.635  INFO 5800 --- [http-nio-8080-exec-2] m.r.controller.MyController              : 开始发送消息：消息9，优先级：3
2022-04-25 15:10:02.635  INFO 5800 --- [http-nio-8080-exec-2] m.r.controller.MyController              : 开始发送消息：消息10，优先级：5
2022-04-25 15:10:02.635  INFO 5800 --- [http-nio-8080-exec-2] m.r.controller.MyController              : 开始发送消息：消息11，优先级：5
2022-04-25 15:10:02.635  INFO 5800 --- [http-nio-8080-exec-2] m.r.controller.MyController              : 开始发送消息：消息12，优先级：1
2022-04-25 15:10:02.635  INFO 5800 --- [http-nio-8080-exec-2] m.r.controller.MyController              : 开始发送消息：消息13，优先级：0
2022-04-25 15:10:02.636  INFO 5800 --- [http-nio-8080-exec-2] m.r.controller.MyController              : 开始发送消息：消息14，优先级：10
2022-04-25 15:10:02.636  INFO 5800 --- [http-nio-8080-exec-2] m.r.controller.MyController              : 开始发送消息：消息15，优先级：8
2022-04-25 15:10:02.636  INFO 5800 --- [http-nio-8080-exec-2] m.r.controller.MyController              : 开始发送消息：消息16，优先级：3
2022-04-25 15:10:02.637  INFO 5800 --- [http-nio-8080-exec-2] m.r.controller.MyController              : 开始发送消息：消息17，优先级：2
2022-04-25 15:10:02.637  INFO 5800 --- [http-nio-8080-exec-2] m.r.controller.MyController              : 开始发送消息：消息18，优先级：1
2022-04-25 15:10:02.637  INFO 5800 --- [http-nio-8080-exec-2] m.r.controller.MyController              : 开始发送消息：消息19，优先级：9
2022-04-25 15:10:02.637  INFO 5800 --- [http-nio-8080-exec-2] m.r.controller.MyController              : 开始发送消息：消息20，优先级：1
2022-04-25 15:10:02.638  INFO 5800 --- [http-nio-8080-exec-2] m.r.controller.MyController              : 开始发送消息：消息21，优先级：7
2022-04-25 15:10:02.638  INFO 5800 --- [org.springframework.amqp.rabbit.RabbitListenerEndpointContainer#0-1] m.r.consumer.Consumer1                   : 消费者1接收到消息：消息1，优先级：10
2022-04-25 15:10:02.638  INFO 5800 --- [http-nio-8080-exec-2] m.r.controller.MyController              : 开始发送消息：消息22，优先级：1
2022-04-25 15:10:02.638  INFO 5800 --- [org.springframework.amqp.rabbit.RabbitListenerEndpointContainer#0-1] m.r.consumer.Consumer1                   : 消费者1接收到消息：消息2，优先级：2
2022-04-25 15:10:02.638  INFO 5800 --- [http-nio-8080-exec-2] m.r.controller.MyController              : 开始发送消息：消息23，优先级：10
2022-04-25 15:10:02.638  INFO 5800 --- [org.springframework.amqp.rabbit.RabbitListenerEndpointContainer#0-1] m.r.consumer.Consumer1                   : 消费者1接收到消息：消息3，优先级：8
2022-04-25 15:10:02.638  INFO 5800 --- [http-nio-8080-exec-2] m.r.controller.MyController              : 开始发送消息：消息24，优先级：4
2022-04-25 15:10:02.638  INFO 5800 --- [http-nio-8080-exec-2] m.r.controller.MyController              : 开始发送消息：消息25，优先级：9
2022-04-25 15:10:02.638  INFO 5800 --- [org.springframework.amqp.rabbit.RabbitListenerEndpointContainer#0-1] m.r.consumer.Consumer1                   : 消费者1接收到消息：消息4，优先级：7
2022-04-25 15:10:02.639  INFO 5800 --- [org.springframework.amqp.rabbit.RabbitListenerEndpointContainer#0-1] m.r.consumer.Consumer1                   : 消费者1接收到消息：消息5，优先级：5
2022-04-25 15:10:02.639  INFO 5800 --- [http-nio-8080-exec-2] m.r.controller.MyController              : 开始发送消息：消息26，优先级：9
2022-04-25 15:10:02.639  INFO 5800 --- [org.springframework.amqp.rabbit.RabbitListenerEndpointContainer#0-1] m.r.consumer.Consumer1                   : 消费者1接收到消息：消息6，优先级：0
2022-04-25 15:10:02.639  INFO 5800 --- [http-nio-8080-exec-2] m.r.controller.MyController              : 开始发送消息：消息27，优先级：0
2022-04-25 15:10:02.639  INFO 5800 --- [org.springframework.amqp.rabbit.RabbitListenerEndpointContainer#0-1] m.r.consumer.Consumer1                   : 消费者1接收到消息：消息7，优先级：9
2022-04-25 15:10:02.639  INFO 5800 --- [http-nio-8080-exec-2] m.r.controller.MyController              : 开始发送消息：消息28，优先级：3
2022-04-25 15:10:02.640  INFO 5800 --- [org.springframework.amqp.rabbit.RabbitListenerEndpointContainer#0-1] m.r.consumer.Consumer1                   : 消费者1接收到消息：消息8，优先级：9
2022-04-25 15:10:02.640  INFO 5800 --- [http-nio-8080-exec-2] m.r.controller.MyController              : 开始发送消息：消息29，优先级：0
2022-04-25 15:10:02.640  INFO 5800 --- [org.springframework.amqp.rabbit.RabbitListenerEndpointContainer#0-1] m.r.consumer.Consumer1                   : 消费者1接收到消息：消息9，优先级：3
2022-04-25 15:10:02.640  INFO 5800 --- [http-nio-8080-exec-2] m.r.controller.MyController              : 开始发送消息：消息30，优先级：3
2022-04-25 15:10:02.640  INFO 5800 --- [org.springframework.amqp.rabbit.RabbitListenerEndpointContainer#0-1] m.r.consumer.Consumer1                   : 消费者1接收到消息：消息10，优先级：5
2022-04-25 15:10:02.640  INFO 5800 --- [http-nio-8080-exec-2] m.r.controller.MyController              : 开始发送消息：消息31，优先级：8
2022-04-25 15:10:02.644  INFO 5800 --- [http-nio-8080-exec-2] m.r.controller.MyController              : 开始发送消息：消息32，优先级：0
2022-04-25 15:10:02.644  INFO 5800 --- [org.springframework.amqp.rabbit.RabbitListenerEndpointContainer#0-1] m.r.consumer.Consumer1                   : 消费者1接收到消息：消息11，优先级：5
2022-04-25 15:10:02.644  INFO 5800 --- [http-nio-8080-exec-2] m.r.controller.MyController              : 开始发送消息：消息33，优先级：5
2022-04-25 15:10:02.645  INFO 5800 --- [org.springframework.amqp.rabbit.RabbitListenerEndpointContainer#0-1] m.r.consumer.Consumer1                   : 消费者1接收到消息：消息12，优先级：1
2022-04-25 15:10:02.645  INFO 5800 --- [http-nio-8080-exec-2] m.r.controller.MyController              : 开始发送消息：消息34，优先级：2
2022-04-25 15:10:02.645  INFO 5800 --- [org.springframework.amqp.rabbit.RabbitListenerEndpointContainer#0-1] m.r.consumer.Consumer1                   : 消费者1接收到消息：消息13，优先级：0
2022-04-25 15:10:02.645  INFO 5800 --- [http-nio-8080-exec-2] m.r.controller.MyController              : 开始发送消息：消息35，优先级：9
2022-04-25 15:10:02.645  INFO 5800 --- [org.springframework.amqp.rabbit.RabbitListenerEndpointContainer#0-1] m.r.consumer.Consumer1                   : 消费者1接收到消息：消息14，优先级：10
2022-04-25 15:10:02.645  INFO 5800 --- [http-nio-8080-exec-2] m.r.controller.MyController              : 开始发送消息：消息36，优先级：8
2022-04-25 15:10:02.645  INFO 5800 --- [org.springframework.amqp.rabbit.RabbitListenerEndpointContainer#0-1] m.r.consumer.Consumer1                   : 消费者1接收到消息：消息15，优先级：8
2022-04-25 15:10:02.645  INFO 5800 --- [http-nio-8080-exec-2] m.r.controller.MyController              : 开始发送消息：消息37，优先级：5
2022-04-25 15:10:02.646  INFO 5800 --- [http-nio-8080-exec-2] m.r.controller.MyController              : 开始发送消息：消息38，优先级：3
2022-04-25 15:10:02.646  INFO 5800 --- [http-nio-8080-exec-2] m.r.controller.MyController              : 开始发送消息：消息39，优先级：1
2022-04-25 15:10:02.646  INFO 5800 --- [org.springframework.amqp.rabbit.RabbitListenerEndpointContainer#0-1] m.r.consumer.Consumer1                   : 消费者1接收到消息：消息16，优先级：3
2022-04-25 15:10:02.646  INFO 5800 --- [http-nio-8080-exec-2] m.r.controller.MyController              : 开始发送消息：消息40，优先级：3
2022-04-25 15:10:02.646  INFO 5800 --- [http-nio-8080-exec-2] m.r.controller.MyController              : 开始发送消息：消息41，优先级：3
2022-04-25 15:10:02.646  INFO 5800 --- [org.springframework.amqp.rabbit.RabbitListenerEndpointContainer#0-1] m.r.consumer.Consumer1                   : 消费者1接收到消息：消息17，优先级：2
2022-04-25 15:10:02.646  INFO 5800 --- [org.springframework.amqp.rabbit.RabbitListenerEndpointContainer#0-1] m.r.consumer.Consumer1                   : 消费者1接收到消息：消息18，优先级：1
2022-04-25 15:10:02.646  INFO 5800 --- [http-nio-8080-exec-2] m.r.controller.MyController              : 开始发送消息：消息42，优先级：3
2022-04-25 15:10:02.647  INFO 5800 --- [org.springframework.amqp.rabbit.RabbitListenerEndpointContainer#0-1] m.r.consumer.Consumer1                   : 消费者1接收到消息：消息19，优先级：9
2022-04-25 15:10:02.647  INFO 5800 --- [http-nio-8080-exec-2] m.r.controller.MyController              : 开始发送消息：消息43，优先级：9
2022-04-25 15:10:02.647  INFO 5800 --- [org.springframework.amqp.rabbit.RabbitListenerEndpointContainer#0-1] m.r.consumer.Consumer1                   : 消费者1接收到消息：消息20，优先级：1
2022-04-25 15:10:02.647  INFO 5800 --- [http-nio-8080-exec-2] m.r.controller.MyController              : 开始发送消息：消息44，优先级：8
2022-04-25 15:10:02.647  INFO 5800 --- [http-nio-8080-exec-2] m.r.controller.MyController              : 开始发送消息：消息45，优先级：3
2022-04-25 15:10:02.647  INFO 5800 --- [org.springframework.amqp.rabbit.RabbitListenerEndpointContainer#0-1] m.r.consumer.Consumer1                   : 消费者1接收到消息：消息21，优先级：7
2022-04-25 15:10:02.647  INFO 5800 --- [http-nio-8080-exec-2] m.r.controller.MyController              : 开始发送消息：消息46，优先级：1
2022-04-25 15:10:02.647  INFO 5800 --- [org.springframework.amqp.rabbit.RabbitListenerEndpointContainer#0-1] m.r.consumer.Consumer1                   : 消费者1接收到消息：消息22，优先级：1
2022-04-25 15:10:02.647  INFO 5800 --- [http-nio-8080-exec-2] m.r.controller.MyController              : 开始发送消息：消息47，优先级：9
2022-04-25 15:10:02.647  INFO 5800 --- [org.springframework.amqp.rabbit.RabbitListenerEndpointContainer#0-1] m.r.consumer.Consumer1                   : 消费者1接收到消息：消息23，优先级：10
2022-04-25 15:10:02.648  INFO 5800 --- [org.springframework.amqp.rabbit.RabbitListenerEndpointContainer#0-1] m.r.consumer.Consumer1                   : 消费者1接收到消息：消息24，优先级：4
2022-04-25 15:10:02.648  INFO 5800 --- [http-nio-8080-exec-2] m.r.controller.MyController              : 开始发送消息：消息48，优先级：7
2022-04-25 15:10:02.648  INFO 5800 --- [http-nio-8080-exec-2] m.r.controller.MyController              : 开始发送消息：消息49，优先级：8
2022-04-25 15:10:02.648  INFO 5800 --- [org.springframework.amqp.rabbit.RabbitListenerEndpointContainer#0-1] m.r.consumer.Consumer1                   : 消费者1接收到消息：消息25，优先级：9
2022-04-25 15:10:02.648  INFO 5800 --- [http-nio-8080-exec-2] m.r.controller.MyController              : 开始发送消息：消息50，优先级：8
2022-04-25 15:10:02.648  INFO 5800 --- [org.springframework.amqp.rabbit.RabbitListenerEndpointContainer#0-1] m.r.consumer.Consumer1                   : 消费者1接收到消息：消息26，优先级：9
2022-04-25 15:10:02.648  INFO 5800 --- [http-nio-8080-exec-2] m.r.controller.MyController              : 开始发送消息：消息51，优先级：1
2022-04-25 15:10:02.648  INFO 5800 --- [org.springframework.amqp.rabbit.RabbitListenerEndpointContainer#0-1] m.r.consumer.Consumer1                   : 消费者1接收到消息：消息27，优先级：0
2022-04-25 15:10:02.649  INFO 5800 --- [http-nio-8080-exec-2] m.r.controller.MyController              : 开始发送消息：消息52，优先级：8
2022-04-25 15:10:02.649  INFO 5800 --- [org.springframework.amqp.rabbit.RabbitListenerEndpointContainer#0-1] m.r.consumer.Consumer1                   : 消费者1接收到消息：消息28，优先级：3
2022-04-25 15:10:02.649  INFO 5800 --- [http-nio-8080-exec-2] m.r.controller.MyController              : 开始发送消息：消息53，优先级：2
2022-04-25 15:10:02.649  INFO 5800 --- [org.springframework.amqp.rabbit.RabbitListenerEndpointContainer#0-1] m.r.consumer.Consumer1                   : 消费者1接收到消息：消息29，优先级：0
2022-04-25 15:10:02.649  INFO 5800 --- [org.springframework.amqp.rabbit.RabbitListenerEndpointContainer#0-1] m.r.consumer.Consumer1                   : 消费者1接收到消息：消息30，优先级：3
2022-04-25 15:10:02.649  INFO 5800 --- [http-nio-8080-exec-2] m.r.controller.MyController              : 开始发送消息：消息54，优先级：1
2022-04-25 15:10:02.649  INFO 5800 --- [http-nio-8080-exec-2] m.r.controller.MyController              : 开始发送消息：消息55，优先级：4
2022-04-25 15:10:02.649  INFO 5800 --- [org.springframework.amqp.rabbit.RabbitListenerEndpointContainer#0-1] m.r.consumer.Consumer1                   : 消费者1接收到消息：消息31，优先级：8
2022-04-25 15:10:02.649  INFO 5800 --- [org.springframework.amqp.rabbit.RabbitListenerEndpointContainer#0-1] m.r.consumer.Consumer1                   : 消费者1接收到消息：消息32，优先级：0
2022-04-25 15:10:02.649  INFO 5800 --- [http-nio-8080-exec-2] m.r.controller.MyController              : 开始发送消息：消息56，优先级：7
2022-04-25 15:10:02.650  INFO 5800 --- [http-nio-8080-exec-2] m.r.controller.MyController              : 开始发送消息：消息57，优先级：3
2022-04-25 15:10:02.650  INFO 5800 --- [org.springframework.amqp.rabbit.RabbitListenerEndpointContainer#0-1] m.r.consumer.Consumer1                   : 消费者1接收到消息：消息33，优先级：5
2022-04-25 15:10:02.650  INFO 5800 --- [org.springframework.amqp.rabbit.RabbitListenerEndpointContainer#0-1] m.r.consumer.Consumer1                   : 消费者1接收到消息：消息34，优先级：2
2022-04-25 15:10:02.650  INFO 5800 --- [http-nio-8080-exec-2] m.r.controller.MyController              : 开始发送消息：消息58，优先级：10
2022-04-25 15:10:02.650  INFO 5800 --- [org.springframework.amqp.rabbit.RabbitListenerEndpointContainer#0-1] m.r.consumer.Consumer1                   : 消费者1接收到消息：消息35，优先级：9
2022-04-25 15:10:02.650  INFO 5800 --- [http-nio-8080-exec-2] m.r.controller.MyController              : 开始发送消息：消息59，优先级：3
2022-04-25 15:10:02.650  INFO 5800 --- [org.springframework.amqp.rabbit.RabbitListenerEndpointContainer#0-1] m.r.consumer.Consumer1                   : 消费者1接收到消息：消息36，优先级：8
2022-04-25 15:10:02.650  INFO 5800 --- [http-nio-8080-exec-2] m.r.controller.MyController              : 开始发送消息：消息60，优先级：7
2022-04-25 15:10:02.650  INFO 5800 --- [http-nio-8080-exec-2] m.r.controller.MyController              : 开始发送消息：消息61，优先级：5
2022-04-25 15:10:02.650  INFO 5800 --- [org.springframework.amqp.rabbit.RabbitListenerEndpointContainer#0-1] m.r.consumer.Consumer1                   : 消费者1接收到消息：消息37，优先级：5
2022-04-25 15:10:02.650  INFO 5800 --- [http-nio-8080-exec-2] m.r.controller.MyController              : 开始发送消息：消息62，优先级：4
2022-04-25 15:10:02.650  INFO 5800 --- [org.springframework.amqp.rabbit.RabbitListenerEndpointContainer#0-1] m.r.consumer.Consumer1                   : 消费者1接收到消息：消息38，优先级：3
2022-04-25 15:10:02.651  INFO 5800 --- [http-nio-8080-exec-2] m.r.controller.MyController              : 开始发送消息：消息63，优先级：1
2022-04-25 15:10:02.651  INFO 5800 --- [org.springframework.amqp.rabbit.RabbitListenerEndpointContainer#0-1] m.r.consumer.Consumer1                   : 消费者1接收到消息：消息39，优先级：1
2022-04-25 15:10:02.651  INFO 5800 --- [http-nio-8080-exec-2] m.r.controller.MyController              : 开始发送消息：消息64，优先级：10
2022-04-25 15:10:02.651  INFO 5800 --- [org.springframework.amqp.rabbit.RabbitListenerEndpointContainer#0-1] m.r.consumer.Consumer1                   : 消费者1接收到消息：消息40，优先级：3
2022-04-25 15:10:02.651  INFO 5800 --- [http-nio-8080-exec-2] m.r.controller.MyController              : 开始发送消息：消息65，优先级：5
2022-04-25 15:10:02.651  INFO 5800 --- [org.springframework.amqp.rabbit.RabbitListenerEndpointContainer#0-1] m.r.consumer.Consumer1                   : 消费者1接收到消息：消息41，优先级：3
2022-04-25 15:10:02.651  INFO 5800 --- [http-nio-8080-exec-2] m.r.controller.MyController              : 开始发送消息：消息66，优先级：6
2022-04-25 15:10:02.651  INFO 5800 --- [org.springframework.amqp.rabbit.RabbitListenerEndpointContainer#0-1] m.r.consumer.Consumer1                   : 消费者1接收到消息：消息42，优先级：3
2022-04-25 15:10:02.651  INFO 5800 --- [http-nio-8080-exec-2] m.r.controller.MyController              : 开始发送消息：消息67，优先级：8
2022-04-25 15:10:02.652  INFO 5800 --- [org.springframework.amqp.rabbit.RabbitListenerEndpointContainer#0-1] m.r.consumer.Consumer1                   : 消费者1接收到消息：消息43，优先级：9
